block in append_cflags: checking for whether -Wall is accepted as CFLAGS... -------------------- yes

DYLD_FALLBACK_LIBRARY_PATH=.:/Users/patrickbradley/.rbenv/versions/3.2.3/lib "clang -o conftest -I/Users/patrickbradley/.rbenv/versions/3.2.3/include/ruby-3.2.0/arm64-darwin23 -I/Users/patrickbradley/.rbenv/versions/3.2.3/include/ruby-3.2.0/ruby/backward -I/Users/patrickbradley/.rbenv/versions/3.2.3/include/ruby-3.2.0 -I. -D_XOPEN_SOURCE -D_DARWIN_C_SOURCE -D_DARWIN_UNLIMITED_SELECT -D_REENTRANT   -fdeclspec -O3 -fno-fast-math -ggdb3 -Wall -Wextra -Wextra-tokens -Wdeprecated-declarations -Wdivision-by-zero -Wdiv-by-zero -Wimplicit-function-declaration -Wimplicit-int -Wmisleading-indentation -Wpointer-arith -Wshorten-64-to-32 -Wwrite-strings -Wold-style-definition -Wmissing-noreturn -Wno-cast-function-type -Wno-constant-logical-operand -Wno-long-long -Wno-missing-field-initializers -Wno-overlength-strings -Wno-parentheses-equality -Wno-self-assign -Wno-tautological-compare -Wno-unused-parameter -Wno-unused-value -Wunused-variable -Wundef  -fno-common -pipe conftest.c  -L. -L/Users/patrickbradley/.rbenv/versions/3.2.3/lib -L. -fstack-protector-strong -L/opt/homebrew/opt/gmp/lib     -lruby.3.2  -lpthread  "
checked program was:
/* begin */
1: #include "ruby.h"
2: 
3: int main(int argc, char **argv)
4: {
5:   return !!argv[argc];
6: }
/* end */

DYLD_FALLBACK_LIBRARY_PATH=.:/Users/patrickbradley/.rbenv/versions/3.2.3/lib "clang -I/Users/patrickbradley/.rbenv/versions/3.2.3/include/ruby-3.2.0/arm64-darwin23 -I/Users/patrickbradley/.rbenv/versions/3.2.3/include/ruby-3.2.0/ruby/backward -I/Users/patrickbradley/.rbenv/versions/3.2.3/include/ruby-3.2.0 -I. -D_XOPEN_SOURCE -D_DARWIN_C_SOURCE -D_DARWIN_UNLIMITED_SELECT -D_REENTRANT   -fdeclspec -O3 -fno-fast-math -ggdb3 -Wall -Wextra -Wextra-tokens -Wdeprecated-declarations -Wdivision-by-zero -Wdiv-by-zero -Wimplicit-function-declaration -Wimplicit-int -Wmisleading-indentation -Wpointer-arith -Wshorten-64-to-32 -Wwrite-strings -Wold-style-definition -Wmissing-noreturn -Wno-cast-function-type -Wno-constant-logical-operand -Wno-long-long -Wno-missing-field-initializers -Wno-overlength-strings -Wno-parentheses-equality -Wno-self-assign -Wno-tautological-compare -Wno-unused-parameter -Wno-unused-value -Wunused-variable -Wundef  -fno-common -pipe  -Wall -Werror -c conftest.c"
checked program was:
/* begin */
1: #include "ruby.h"
2: 
3: int main(int argc, char **argv)
4: {
5:   return !!argv[argc];
6: }
/* end */

--------------------

block in append_cflags: checking for whether -O3 is accepted as CFLAGS... -------------------- yes

DYLD_FALLBACK_LIBRARY_PATH=.:/Users/patrickbradley/.rbenv/versions/3.2.3/lib "clang -I/Users/patrickbradley/.rbenv/versions/3.2.3/include/ruby-3.2.0/arm64-darwin23 -I/Users/patrickbradley/.rbenv/versions/3.2.3/include/ruby-3.2.0/ruby/backward -I/Users/patrickbradley/.rbenv/versions/3.2.3/include/ruby-3.2.0 -I. -D_XOPEN_SOURCE -D_DARWIN_C_SOURCE -D_DARWIN_UNLIMITED_SELECT -D_REENTRANT   -fdeclspec -O3 -fno-fast-math -ggdb3 -Wall -Wextra -Wextra-tokens -Wdeprecated-declarations -Wdivision-by-zero -Wdiv-by-zero -Wimplicit-function-declaration -Wimplicit-int -Wmisleading-indentation -Wpointer-arith -Wshorten-64-to-32 -Wwrite-strings -Wold-style-definition -Wmissing-noreturn -Wno-cast-function-type -Wno-constant-logical-operand -Wno-long-long -Wno-missing-field-initializers -Wno-overlength-strings -Wno-parentheses-equality -Wno-self-assign -Wno-tautological-compare -Wno-unused-parameter -Wno-unused-value -Wunused-variable -Wundef  -fno-common -pipe -Wall  -O3 -Werror -c conftest.c"
checked program was:
/* begin */
1: #include "ruby.h"
2: 
3: int main(int argc, char **argv)
4: {
5:   return !!argv[argc];
6: }
/* end */

--------------------

block in append_cflags: checking for whether -pedantic is accepted as CFLAGS... -------------------- no

DYLD_FALLBACK_LIBRARY_PATH=.:/Users/patrickbradley/.rbenv/versions/3.2.3/lib "clang -I/Users/patrickbradley/.rbenv/versions/3.2.3/include/ruby-3.2.0/arm64-darwin23 -I/Users/patrickbradley/.rbenv/versions/3.2.3/include/ruby-3.2.0/ruby/backward -I/Users/patrickbradley/.rbenv/versions/3.2.3/include/ruby-3.2.0 -I. -D_XOPEN_SOURCE -D_DARWIN_C_SOURCE -D_DARWIN_UNLIMITED_SELECT -D_REENTRANT   -fdeclspec -O3 -fno-fast-math -ggdb3 -Wall -Wextra -Wextra-tokens -Wdeprecated-declarations -Wdivision-by-zero -Wdiv-by-zero -Wimplicit-function-declaration -Wimplicit-int -Wmisleading-indentation -Wpointer-arith -Wshorten-64-to-32 -Wwrite-strings -Wold-style-definition -Wmissing-noreturn -Wno-cast-function-type -Wno-constant-logical-operand -Wno-long-long -Wno-missing-field-initializers -Wno-overlength-strings -Wno-parentheses-equality -Wno-self-assign -Wno-tautological-compare -Wno-unused-parameter -Wno-unused-value -Wunused-variable -Wundef  -fno-common -pipe -Wall -O3  -pedantic -Werror -c conftest.c"
In file included from conftest.c:1:
In file included from /Users/patrickbradley/.rbenv/versions/3.2.3/include/ruby-3.2.0/ruby.h:38:
In file included from /Users/patrickbradley/.rbenv/versions/3.2.3/include/ruby-3.2.0/ruby/ruby.h:25:
In file included from /Users/patrickbradley/.rbenv/versions/3.2.3/include/ruby-3.2.0/ruby/defines.h:71:
/Users/patrickbradley/.rbenv/versions/3.2.3/include/ruby-3.2.0/ruby/internal/xmalloc.h:62:1: error: [[]] attributes are a C23 extension [-Werror,-Wc23-extensions]
   62 | RBIMPL_ATTR_NODISCARD()
      | ^
/Users/patrickbradley/.rbenv/versions/3.2.3/include/ruby-3.2.0/ruby/internal/attr/nodiscard.h:35:34: note: expanded from macro 'RBIMPL_ATTR_NODISCARD'
   35 | # define RBIMPL_ATTR_NODISCARD() [[nodiscard]]
      |                                  ^
In file included from conftest.c:1:
In file included from /Users/patrickbradley/.rbenv/versions/3.2.3/include/ruby-3.2.0/ruby.h:38:
In file included from /Users/patrickbradley/.rbenv/versions/3.2.3/include/ruby-3.2.0/ruby/ruby.h:25:
In file included from /Users/patrickbradley/.rbenv/versions/3.2.3/include/ruby-3.2.0/ruby/defines.h:71:
/Users/patrickbradley/.rbenv/versions/3.2.3/include/ruby-3.2.0/ruby/internal/xmalloc.h:90:1: error: [[]] attributes are a C23 extension [-Werror,-Wc23-extensions]
   90 | RBIMPL_ATTR_NODISCARD()
      | ^
/Users/patrickbradley/.rbenv/versions/3.2.3/include/ruby-3.2.0/ruby/internal/attr/nodiscard.h:35:34: note: expanded from macro 'RBIMPL_ATTR_NODISCARD'
   35 | # define RBIMPL_ATTR_NODISCARD() [[nodiscard]]
      |                                  ^
In file included from conftest.c:1:
In file included from /Users/patrickbradley/.rbenv/versions/3.2.3/include/ruby-3.2.0/ruby.h:38:
In file included from /Users/patrickbradley/.rbenv/versions/3.2.3/include/ruby-3.2.0/ruby/ruby.h:25:
In file included from /Users/patrickbradley/.rbenv/versions/3.2.3/include/ruby-3.2.0/ruby/defines.h:71:
/Users/patrickbradley/.rbenv/versions/3.2.3/include/ruby-3.2.0/ruby/internal/xmalloc.h:121:1: error: [[]] attributes are a C23 extension [-Werror,-Wc23-extensions]
  121 | RBIMPL_ATTR_NODISCARD()
      | ^
/Users/patrickbradley/.rbenv/versions/3.2.3/include/ruby-3.2.0/ruby/internal/attr/nodiscard.h:35:34: note: expanded from macro 'RBIMPL_ATTR_NODISCARD'
   35 | # define RBIMPL_ATTR_NODISCARD() [[nodiscard]]
      |                                  ^
In file included from conftest.c:1:
In file included from /Users/patrickbradley/.rbenv/versions/3.2.3/include/ruby-3.2.0/ruby.h:38:
In file included from /Users/patrickbradley/.rbenv/versions/3.2.3/include/ruby-3.2.0/ruby/ruby.h:25:
In file included from /Users/patrickbradley/.rbenv/versions/3.2.3/include/ruby-3.2.0/ruby/defines.h:71:
/Users/patrickbradley/.rbenv/versions/3.2.3/include/ruby-3.2.0/ruby/internal/xmalloc.h:151:1: error: [[]] attributes are a C23 extension [-Werror,-Wc23-extensions]
  151 | RBIMPL_ATTR_NODISCARD()
      | ^
/Users/patrickbradley/.rbenv/versions/3.2.3/include/ruby-3.2.0/ruby/internal/attr/nodiscard.h:35:34: note: expanded from macro 'RBIMPL_ATTR_NODISCARD'
   35 | # define RBIMPL_ATTR_NODISCARD() [[nodiscard]]
      |                                  ^
In file included from conftest.c:1:
In file included from /Users/patrickbradley/.rbenv/versions/3.2.3/include/ruby-3.2.0/ruby.h:38:
In file included from /Users/patrickbradley/.rbenv/versions/3.2.3/include/ruby-3.2.0/ruby/ruby.h:25:
In file included from /Users/patrickbradley/.rbenv/versions/3.2.3/include/ruby-3.2.0/ruby/defines.h:71:
/Users/patrickbradley/.rbenv/versions/3.2.3/include/ruby-3.2.0/ruby/internal/xmalloc.h:197:1: error: [[]] attributes are a C23 extension [-Werror,-Wc23-extensions]
  197 | RBIMPL_ATTR_NODISCARD()
      | ^
/Users/patrickbradley/.rbenv/versions/3.2.3/include/ruby-3.2.0/ruby/internal/attr/nodiscard.h:35:34: note: expanded from macro 'RBIMPL_ATTR_NODISCARD'
   35 | # define RBIMPL_ATTR_NODISCARD() [[nodiscard]]
      |                                  ^
In file included from conftest.c:1:
In file included from /Users/patrickbradley/.rbenv/versions/3.2.3/include/ruby-3.2.0/ruby.h:38:
In file included from /Users/patrickbradley/.rbenv/versions/3.2.3/include/ruby-3.2.0/ruby/ruby.h:27:
In file included from /Users/patrickbradley/.rbenv/versions/3.2.3/include/ruby-3.2.0/ruby/internal/anyargs.h:76:
/Users/patrickbradley/.rbenv/versions/3.2.3/include/ruby-3.2.0/ruby/internal/intern/class.h:301:60: error: a function declaration without a prototype is deprecated in all versions of C [-Werror,-Wstrict-prototypes]
  301 | void rb_define_method_id(VALUE klass, ID mid, VALUE (*func)(ANYARGS), int arity);
      |                                                            ^       
      |                                                                    void
/Users/patrickbradley/.rbenv/versions/3.2.3/include/ruby-3.2.0/ruby/internal/intern/class.h:339:76: error: a function declaration without a prototype is deprecated in all versions of C [-Werror,-Wstrict-prototypes]
  339 | void rb_define_protected_method(VALUE klass, const char *mid, VALUE (*func)(ANYARGS), int arity);
      |                                                                            ^       
      |                                                                                    void
/Users/patrickbradley/.rbenv/versions/3.2.3/include/ruby-3.2.0/ruby/internal/intern/class.h:352:74: error: a function declaration without a prototype is deprecated in all versions of C [-Werror,-Wstrict-prototypes]
  352 | void rb_define_private_method(VALUE klass, const char *mid, VALUE (*func)(ANYARGS), int arity);
      |                                                                          ^       
      |                                                                                  void
/Users/patrickbradley/.rbenv/versions/3.2.3/include/ruby-3.2.0/ruby/internal/intern/class.h:365:73: error: a function declaration without a prototype is deprecated in all versions of C [-Werror,-Wstrict-prototypes]
  365 | void rb_define_singleton_method(VALUE obj, const char *mid, VALUE(*func)(ANYARGS), int arity);
      |                                                                         ^       
      |                                                                                 void
In file included from conftest.c:1:
In file included from /Users/patrickbradley/.rbenv/versions/3.2.3/include/ruby-3.2.0/ruby.h:38:
In file included from /Users/patrickbradley/.rbenv/versions/3.2.3/include/ruby-3.2.0/ruby/ruby.h:27:
In file included from /Users/patrickbradley/.rbenv/versions/3.2.3/include/ruby-3.2.0/ruby/internal/anyargs.h:78:
/Users/patrickbradley/.rbenv/versions/3.2.3/include/ruby-3.2.0/ruby/internal/method.h:99:66: error: a function declaration without a prototype is deprecated in all versions of C [-Werror,-Wstrict-prototypes]
   99 | void rb_define_method(VALUE klass, const char *mid, VALUE (*func)(ANYARGS), int arity);
      |                                                                  ^       
      |                                                                          void
/Users/patrickbradley/.rbenv/versions/3.2.3/include/ruby-3.2.0/ruby/internal/method.h:112:75: error: a function declaration without a prototype is deprecated in all versions of C [-Werror,-Wstrict-prototypes]
  112 | void rb_define_module_function(VALUE klass, const char *mid, VALUE (*func)(ANYARGS), int arity);
      |                                                                           ^       
      |                                                                                   void
/Users/patrickbradley/.rbenv/versions/3.2.3/include/ruby-3.2.0/ruby/internal/method.h:124:62: error: a function declaration without a prototype is deprecated in all versions of C [-Werror,-Wstrict-prototypes]
  124 | void rb_define_global_function(const char *mid, VALUE (*func)(ANYARGS), int arity);
      |                                                              ^       
      |                                                                      void
In file included from conftest.c:1:
In file included from /Users/patrickbradley/.rbenv/versions/3.2.3/include/ruby-3.2.0/ruby.h:38:
In file included from /Users/patrickbradley/.rbenv/versions/3.2.3/include/ruby-3.2.0/ruby/ruby.h:27:
/Users/patrickbradley/.rbenv/versions/3.2.3/include/ruby-3.2.0/ruby/internal/anyargs.h:271:1: error: [[]] attributes are a C23 extension [-Werror,-Wc23-extensions]
  271 | RBIMPL_ANYARGS_DECL(rb_define_singleton_method, VALUE, const char *)
      | ^
/Users/patrickbradley/.rbenv/versions/3.2.3/include/ruby-3.2.0/ruby/internal/anyargs.h:250:40: note: expanded from macro 'RBIMPL_ANYARGS_DECL'
  250 | # define RBIMPL_ANYARGS_DECL(sym, ...) \
      |                                        ^
/Users/patrickbradley/.rbenv/versions/3.2.3/include/ruby-3.2.0/ruby/internal/anyargs.h:249:38: note: expanded from macro '\
RBIMPL_ANYARGS_ATTRSET'
  249 | # define RBIMPL_ANYARGS_ATTRSET(sym) RBIMPL_ATTR_MAYBE_UNUSED() RBIMPL_ATTR_NONNULL(()) RBIMPL_ATTR_WEAKREF(sym)
      |                                      ^
/Users/patrickbradley/.rbenv/versions/3.2.3/include/ruby-3.2.0/ruby/internal/attr/maybe_unused.h:31:37: note: expanded from macro 'RBIMPL_ATTR_MAYBE_UNUSED'
   31 | # define RBIMPL_ATTR_MAYBE_UNUSED() [[maybe_unused]]
      |                                     ^
In file included from conftest.c:1:
In file included from /Users/patrickbradley/.rbenv/versions/3.2.3/include/ruby-3.2.0/ruby.h:38:
In file included from /Users/patrickbradley/.rbenv/versions/3.2.3/include/ruby-3.2.0/ruby/ruby.h:27:
/Users/patrickbradley/.rbenv/versions/3.2.3/include/ruby-3.2.0/ruby/internal/anyargs.h:271:1: error: [[]] attributes are a C23 extension [-Werror,-Wc23-extensions]
/Users/patrickbradley/.rbenv/versions/3.2.3/include/ruby-3.2.0/ruby/internal/anyargs.h:251:120: note: expanded from macro 'RBIMPL_ANYARGS_DECL'
  251 | RBIMPL_ANYARGS_ATTRSET(sym) static void sym ## _notimpl(__VA_ARGS__, VALUE(*)(int, const VALUE *, VALUE, VALUE), int); \
      |                                                                                                                        ^
/Users/patrickbradley/.rbenv/versions/3.2.3/include/ruby-3.2.0/ruby/internal/anyargs.h:249:38: note: expanded from macro '\
RBIMPL_ANYARGS_ATTRSET'
  249 | # define RBIMPL_ANYARGS_ATTRSET(sym) RBIMPL_ATTR_MAYBE_UNUSED() RBIMPL_ATTR_NONNULL(()) RBIMPL_ATTR_WEAKREF(sym)
      |                                      ^
/Users/patrickbradley/.rbenv/versions/3.2.3/include/ruby-3.2.0/ruby/internal/attr/maybe_unused.h:31:37: note: expanded from macro 'RBIMPL_ATTR_MAYBE_UNUSED'
   31 | # define RBIMPL_ATTR_MAYBE_UNUSED() [[maybe_unused]]
      |                                     ^
In file included from conftest.c:1:
In file included from /Users/patrickbradley/.rbenv/versions/3.2.3/include/ruby-3.2.0/ruby.h:38:
In file included from /Users/patrickbradley/.rbenv/versions/3.2.3/include/ruby-3.2.0/ruby/ruby.h:27:
/Users/patrickbradley/.rbenv/versions/3.2.3/include/ruby-3.2.0/ruby/internal/anyargs.h:271:1: error: a function declaration without a prototype is deprecated in all versions of C [-Werror,-Wstrict-prototypes]
/Users/patrickbradley/.rbenv/versions/3.2.3/include/ruby-3.2.0/ruby/internal/anyargs.h:252:73: note: expanded from macro 'RBIMPL_ANYARGS_DECL'
  252 | RBIMPL_ANYARGS_ATTRSET(sym) static void sym ## _m3(__VA_ARGS__, VALUE(*)(ANYARGS), int); \
      |                                                                         ^
/Users/patrickbradley/.rbenv/versions/3.2.3/include/ruby-3.2.0/ruby/internal/anyargs.h:271:1: error: [[]] attributes are a C23 extension [-Werror,-Wc23-extensions]
/Users/patrickbradley/.rbenv/versions/3.2.3/include/ruby-3.2.0/ruby/internal/anyargs.h:252:90: note: expanded from macro 'RBIMPL_ANYARGS_DECL'
  252 | RBIMPL_ANYARGS_ATTRSET(sym) static void sym ## _m3(__VA_ARGS__, VALUE(*)(ANYARGS), int); \
      |                                                                                          ^
/Users/patrickbradley/.rbenv/versions/3.2.3/include/ruby-3.2.0/ruby/internal/anyargs.h:249:38: note: expanded from macro '\
RBIMPL_ANYARGS_ATTRSET'
  249 | # define RBIMPL_ANYARGS_ATTRSET(sym) RBIMPL_ATTR_MAYBE_UNUSED() RBIMPL_ATTR_NONNULL(()) RBIMPL_ATTR_WEAKREF(sym)
      |                                      ^
/Users/patrickbradley/.rbenv/versions/3.2.3/include/ruby-3.2.0/ruby/internal/attr/maybe_unused.h:31:37: note: expanded from macro 'RBIMPL_ATTR_MAYBE_UNUSED'
   31 | # define RBIMPL_ATTR_MAYBE_UNUSED() [[maybe_unused]]
      |                                     ^
In file included from conftest.c:1:
In file included from /Users/patrickbradley/.rbenv/versions/3.2.3/include/ruby-3.2.0/ruby.h:38:
In file included from /Users/patrickbradley/.rbenv/versions/3.2.3/include/ruby-3.2.0/ruby/ruby.h:27:
/Users/patrickbradley/.rbenv/versions/3.2.3/include/ruby-3.2.0/ruby/internal/anyargs.h:271:1: error: [[]] attributes are a C23 extension [-Werror,-Wc23-extensions]
/Users/patrickbradley/.rbenv/versions/3.2.3/include/ruby-3.2.0/ruby/internal/anyargs.h:253:95: note: expanded from macro 'RBIMPL_ANYARGS_DECL'
  253 | RBIMPL_ANYARGS_ATTRSET(sym) static void sym ## _m2(__VA_ARGS__, VALUE(*)(VALUE, VALUE), int); \
      |                                                                                               ^
/Users/patrickbradley/.rbenv/versions/3.2.3/include/ruby-3.2.0/ruby/internal/anyargs.h:249:38: note: expanded from macro '\
RBIMPL_ANYARGS_ATTRSET'
  249 | # define RBIMPL_ANYARGS_ATTRSET(sym) RBIMPL_ATTR_MAYBE_UNUSED() RBIMPL_ATTR_NONNULL(()) RBIMPL_ATTR_WEAKREF(sym)
      |                                      ^
/Users/patrickbradley/.rbenv/versions/3.2.3/include/ruby-3.2.0/ruby/internal/attr/maybe_unused.h:31:37: note: expanded from macro 'RBIMPL_ATTR_MAYBE_UNUSED'
   31 | # define RBIMPL_ATTR_MAYBE_UNUSED() [[maybe_unused]]
      |                                     ^
In file included from conftest.c:1:
In file included from /Users/patrickbradley/.rbenv/versions/3.2.3/include/ruby-3.2.0/ruby.h:38:
In file included from /Users/patrickbradley/.rbenv/versions/3.2.3/include/ruby-3.2.0/ruby/ruby.h:27:
/Users/patrickbradley/.rbenv/versions/3.2.3/include/ruby-3.2.0/ruby/internal/anyargs.h:271:1: error: [[]] attributes are a C23 extension [-Werror,-Wc23-extensions]
/Users/patrickbradley/.rbenv/versions/3.2.3/include/ruby-3.2.0/ruby/internal/anyargs.h:254:169: note: expanded from macro 'RBIMPL_ANYARGS_DECL'
  254 | RBIMPL_ANYARGS_ATTRSET(sym) static void sym ## _m1(__VA_ARGS__, VALUE(*)(int, union { VALUE *x; const VALUE *y; } __attribute__((__transparent_union__)), VALUE), int); \
      |                                                                                                                                                                         ^
/Users/patrickbradley/.rbenv/versions/3.2.3/include/ruby-3.2.0/ruby/internal/anyargs.h:249:38: note: expanded from macro '\
RBIMPL_ANYARGS_ATTRSET'
  249 | # define RBIMPL_ANYARGS_ATTRSET(sym) RBIMPL_ATTR_MAYBE_UNUSED() RBIMPL_ATTR_NONNULL(()) RBIMPL_ATTR_WEAKREF(sym)
      |                                      ^
/Users/patrickbradley/.rbenv/versions/3.2.3/include/ruby-3.2.0/ruby/internal/attr/maybe_unused.h:31:37: note: expanded from macro 'RBIMPL_ATTR_MAYBE_UNUSED'
   31 | # define RBIMPL_ATTR_MAYBE_UNUSED() [[maybe_unused]]
      |                                     ^
In file included from conftest.c:1:
In file included from /Users/patrickbradley/.rbenv/versions/3.2.3/include/ruby-3.2.0/ruby.h:38:
In file included from /Users/patrickbradley/.rbenv/versions/3.2.3/include/ruby-3.2.0/ruby/ruby.h:27:
/Users/patrickbradley/.rbenv/versions/3.2.3/include/ruby-3.2.0/ruby/internal/anyargs.h:271:1: error: [[]] attributes are a C23 extension [-Werror,-Wc23-extensions]
/Users/patrickbradley/.rbenv/versions/3.2.3/include/ruby-3.2.0/ruby/internal/anyargs.h:255:88: note: expanded from macro 'RBIMPL_ANYARGS_DECL'
  255 | RBIMPL_ANYARGS_ATTRSET(sym) static void sym ## _00(__VA_ARGS__, VALUE(*)(VALUE), int); \
      |                                                                                        ^
/Users/patrickbradley/.rbenv/versions/3.2.3/include/ruby-3.2.0/ruby/internal/anyargs.h:249:38: note: expanded from macro '\
RBIMPL_ANYARGS_ATTRSET'
  249 | # define RBIMPL_ANYARGS_ATTRSET(sym) RBIMPL_ATTR_MAYBE_UNUSED() RBIMPL_ATTR_NONNULL(()) RBIMPL_ATTR_WEAKREF(sym)
      |                                      ^
/Users/patrickbradley/.rbenv/versions/3.2.3/include/ruby-3.2.0/ruby/internal/attr/maybe_unused.h:31:37: note: expanded from macro 'RBIMPL_ATTR_MAYBE_UNUSED'
   31 | # define RBIMPL_ATTR_MAYBE_UNUSED() [[maybe_unused]]
      |                                     ^
fatal error: too many errors emitted, stopping now [-ferror-limit=]
20 errors generated.
checked program was:
/* begin */
1: #include "ruby.h"
2: 
3: int main(int argc, char **argv)
4: {
5:   return !!argv[argc];
6: }
/* end */

--------------------

block in append_cflags: checking for whether -std=c99 is accepted as CFLAGS... -------------------- yes

DYLD_FALLBACK_LIBRARY_PATH=.:/Users/patrickbradley/.rbenv/versions/3.2.3/lib "clang -I/Users/patrickbradley/.rbenv/versions/3.2.3/include/ruby-3.2.0/arm64-darwin23 -I/Users/patrickbradley/.rbenv/versions/3.2.3/include/ruby-3.2.0/ruby/backward -I/Users/patrickbradley/.rbenv/versions/3.2.3/include/ruby-3.2.0 -I. -D_XOPEN_SOURCE -D_DARWIN_C_SOURCE -D_DARWIN_UNLIMITED_SELECT -D_REENTRANT   -fdeclspec -O3 -fno-fast-math -ggdb3 -Wall -Wextra -Wextra-tokens -Wdeprecated-declarations -Wdivision-by-zero -Wdiv-by-zero -Wimplicit-function-declaration -Wimplicit-int -Wmisleading-indentation -Wpointer-arith -Wshorten-64-to-32 -Wwrite-strings -Wold-style-definition -Wmissing-noreturn -Wno-cast-function-type -Wno-constant-logical-operand -Wno-long-long -Wno-missing-field-initializers -Wno-overlength-strings -Wno-parentheses-equality -Wno-self-assign -Wno-tautological-compare -Wno-unused-parameter -Wno-unused-value -Wunused-variable -Wundef  -fno-common -pipe -Wall -O3  -std=c99 -Werror -c conftest.c"
checked program was:
/* begin */
1: #include "ruby.h"
2: 
3: int main(int argc, char **argv)
4: {
5:   return !!argv[argc];
6: }
/* end */

--------------------

